2019-03-30T09:18:06+00:00 CRITICAL Out of memory (allocated 62914560) (tried to allocate 524288 bytes) in /var/www/html/wordpress/wp-content/plugins/jetpack/locales.php on line 1466

2019-03-30T09:18:14+00:00 CRITICAL Out of memory (allocated 23068672) (tried to allocate 524288 bytes) in /var/www/html/wordpress/wp-content/plugins/jetpack/locales.php on line 1466

2019-03-30T09:28:20+00:00 CRITICAL Out of memory (allocated 88080384) (tried to allocate 131072 bytes) in /var/www/html/wordpress/wp-content/plugins/woocommerce/includes/admin/class-wc-admin-assets.php on line 219

2019-03-30T09:30:53+00:00 CRITICAL Out of memory (allocated 16777216) (tried to allocate 16384 bytes) in /var/www/html/wordpress/wp-content/plugins/woocommerce/includes/admin/class-wc-admin-notices.php on line 60

2019-03-30T09:36:14+00:00 CRITICAL Out of memory (allocated 37748736) (tried to allocate 131072 bytes) in /var/www/html/wordpress/wp-content/themes/depot-themes/depot/framework/modules/header/options-map/parts/main-navigation-map.php on line 608

2019-03-30T09:54:04+00:00 CRITICAL Out of memory (allocated 2097152) (tried to allocate 131072 bytes) in /var/www/html/wordpress/wp-content/plugins/woocommerce/includes/admin/class-wc-admin-assets.php on line 219

2019-03-30T09:57:31+00:00 CRITICAL Out of memory (allocated 2097152) (tried to allocate 524288 bytes) in /var/www/html/wordpress/wp-content/plugins/jetpack/locales.php on line 1466

2019-03-30T10:24:01+00:00 CRITICAL Out of memory (allocated 88080384) (tried to allocate 131072 bytes) in /var/www/html/wordpress/wp-content/plugins/woocommerce/includes/admin/class-wc-admin-assets.php on line 219

2019-03-30T10:24:01+00:00 CRITICAL Out of memory (allocated 85983232) (tried to allocate 131072 bytes) in /var/www/html/wordpress/wp-content/plugins/woocommerce/includes/admin/class-wc-admin-assets.php on line 219

2019-03-30T10:40:43+00:00 CRITICAL Out of memory (allocated 81788928) (tried to allocate 131072 bytes) in /var/www/html/wordpress/wp-content/plugins/jetpack/locales.php on line 442

2019-03-30T10:48:56+00:00 CRITICAL Out of memory (allocated 2097152) (tried to allocate 299008 bytes) in /var/www/html/wordpress/wp-includes/pomo/streams.php on line 205

2019-03-30T10:50:14+00:00 CRITICAL Out of memory (allocated 14680064) (tried to allocate 16384 bytes) in /var/www/html/wordpress/wp-includes/wp-db.php on line 2007

2019-03-30T10:52:13+00:00 CRITICAL Out of memory (allocated 8388608) (tried to allocate 16384 bytes) in /var/www/html/wordpress/wp-includes/wp-db.php on line 2007

2019-03-30T11:14:15+00:00 CRITICAL Out of memory (allocated 25165824) (tried to allocate 8192 bytes) in /var/www/html/wordpress/wp-content/plugins/mikado-core/shortcodes/social-share/social-share.php on line 104

2019-03-30T11:34:02+00:00 CRITICAL Out of memory (allocated 58720256) (tried to allocate 32768 bytes) in /var/www/html/wordpress/wp-content/themes/depot-themes/depot/framework/lib/mkd.layout2.php on line 562

2019-03-30T11:37:21+00:00 CRITICAL Out of memory (allocated 4194304) (tried to allocate 524288 bytes) in /var/www/html/wordpress/wp-content/plugins/jetpack/locales.php on line 1466

2019-03-30T11:37:26+00:00 CRITICAL Out of memory (allocated 4194304) (tried to allocate 131072 bytes) in /var/www/html/wordpress/wp-content/plugins/woocommerce/includes/admin/class-wc-admin-assets.php on line 219

2019-03-30T11:43:36+00:00 CRITICAL Out of memory (allocated 8388608) (tried to allocate 131072 bytes) in /var/www/html/wordpress/wp-content/plugins/jetpack/locales.php on line 442

2019-03-30T11:44:28+00:00 CRITICAL Out of memory (allocated 6291456) (tried to allocate 8192 bytes) in /var/www/html/wordpress/wp-content/plugins/mikado-core/shortcodes/pricing-item/pricing-item.php on line 46

2019-03-30T11:59:37+00:00 CRITICAL Out of memory (allocated 94371840) (tried to allocate 20480 bytes) in /var/www/html/wordpress/wp-includes/wp-db.php on line 1972

