2019-04-03T13:29:39+00:00 CRITICAL Out of memory (allocated 29360128) (tried to allocate 225280 bytes) in /var/www/html/wordpress/wp-includes/pomo/streams.php on line 205

2019-04-03T13:34:17+00:00 CRITICAL Out of memory (allocated 4194304) (tried to allocate 266240 bytes) in /var/www/html/wordpress/wp-includes/pomo/streams.php on line 113

2019-04-03T13:34:17+00:00 CRITICAL Out of memory (allocated 2097152) (tried to allocate 20480 bytes) in /var/www/html/wordpress/wp-includes/meta.php on line 950

2019-04-03T13:41:39+00:00 CRITICAL Out of memory (allocated 12582912) (tried to allocate 32768 bytes) in /var/www/html/wordpress/wp-content/plugins/mikado-core/shortcodes/elements-holder/functions.php on line 1

2019-04-03T13:42:09+00:00 CRITICAL Out of memory (allocated 23068672) (tried to allocate 20480 bytes) in /var/www/html/wordpress/wp-includes/wp-db.php on line 1972

2019-04-03T13:42:23+00:00 CRITICAL Out of memory (allocated 6291456) (tried to allocate 32768 bytes) in /var/www/html/wordpress/wp-content/plugins/mikado-core/shortcodes/image-gallery/image-gallery.php on line 111

2019-04-03T13:54:21+00:00 CRITICAL Out of memory (allocated 31457280) (tried to allocate 32768 bytes) in /var/www/html/wordpress/wp-admin/includes/misc.php on line 1737

2019-04-03T13:54:57+00:00 CRITICAL Out of memory (allocated 77594624) (tried to allocate 32768 bytes) in /var/www/html/wordpress/wp-admin/includes/misc.php on line 1737

2019-04-03T13:58:55+00:00 CRITICAL Out of memory (allocated 20971520) (tried to allocate 36864 bytes) in /var/www/html/wordpress/wp-includes/wp-db.php on line 1973

2019-04-03T14:01:27+00:00 CRITICAL Out of memory (allocated 4194304) (tried to allocate 36864 bytes) in /var/www/html/wordpress/wp-includes/wp-db.php on line 1973

2019-04-03T14:02:11+00:00 CRITICAL Out of memory (allocated 2097152) (tried to allocate 225280 bytes) in /var/www/html/wordpress/wp-includes/pomo/streams.php on line 205

2019-04-03T14:10:12+00:00 CRITICAL Out of memory (allocated 73400320) (tried to allocate 32768 bytes) in /var/www/html/wordpress/wp-content/plugins/revslider/includes/googlefonts.php on line 4328

2019-04-03T14:11:31+00:00 CRITICAL Out of memory (allocated 14680064) (tried to allocate 20480 bytes) in /var/www/html/wordpress/wp-includes/cache.php on line 679

2019-04-03T14:12:35+00:00 CRITICAL Out of memory (allocated 25165824) (tried to allocate 20480 bytes) in /var/www/html/wordpress/wp-includes/cache.php on line 679

2019-04-03T14:18:16+00:00 CRITICAL Out of memory (allocated 29360128) (tried to allocate 225280 bytes) in /var/www/html/wordpress/wp-includes/pomo/streams.php on line 205

2019-04-03T14:19:39+00:00 CRITICAL Out of memory (allocated 14680064) (tried to allocate 20480 bytes) in /var/www/html/wordpress/wp-includes/wp-db.php on line 1972

2019-04-03T14:48:27+00:00 CRITICAL Out of memory (allocated 10485760) (tried to allocate 20480 bytes) in /var/www/html/wordpress/wp-includes/meta.php on line 950

2019-04-03T14:57:43+00:00 CRITICAL Out of memory (allocated 10485760) (tried to allocate 135168 bytes) in /var/www/html/wordpress/wp-includes/wp-db.php on line 1973

2019-04-03T14:59:23+00:00 CRITICAL Out of memory (allocated 2097152) (tried to allocate 20480 bytes) in /var/www/html/wordpress/wp-includes/class-wp-hook.php on line 271

2019-04-03T15:09:32+00:00 CRITICAL Out of memory (allocated 20971520) (tried to allocate 20480 bytes) in /var/www/html/wordpress/wp-content/plugins/mikado-core/shortcodes/elements-holder/elements-holder-item.php on line 7

2019-04-03T15:10:08+00:00 CRITICAL Out of memory (allocated 2097152) (tried to allocate 131072 bytes) in /var/www/html/wordpress/wp-content/plugins/jetpack/locales.php on line 442

2019-04-03T15:27:22+00:00 CRITICAL Out of memory (allocated 39845888) (tried to allocate 20480 bytes) in /var/www/html/wordpress/wp-content/plugins/revslider/includes/googlefonts.php on line 41

2019-04-03T15:27:54+00:00 CRITICAL Out of memory (allocated 12582912) (tried to allocate 20480 bytes) in /var/www/html/wordpress/wp-includes/wp-db.php on line 1972

2019-04-03T15:51:51+00:00 CRITICAL Out of memory (allocated 29360128) (tried to allocate 53248 bytes) in /var/www/html/wordpress/wp-includes/wp-db.php on line 2007

2019-04-03T15:52:29+00:00 CRITICAL Out of memory (allocated 29360128) (tried to allocate 131072 bytes) in /var/www/html/wordpress/wp-content/plugins/jetpack/locales.php on line 442

2019-04-03T16:04:17+00:00 CRITICAL Out of memory (allocated 12582912) (tried to allocate 20480 bytes) in /var/www/html/wordpress/wp-includes/meta.php on line 950

